[debug] [2023-10-13T01:44:41.601Z] ----------------------------------------------------------------------
[debug] [2023-10-13T01:44:41.603Z] Command:       C:\Program Files\nodejs\node.exe C:\Users\Mike\AppData\Roaming\npm\node_modules\firebase-tools\lib\bin\firebase.js init
[debug] [2023-10-13T01:44:41.603Z] CLI Version:   12.7.0
[debug] [2023-10-13T01:44:41.603Z] Platform:      win32
[debug] [2023-10-13T01:44:41.603Z] Node Version:  v16.13.2
[debug] [2023-10-13T01:44:41.604Z] Time:          Thu Oct 12 2023 21:44:41 GMT-0400 (Eastern Daylight Time)
[debug] [2023-10-13T01:44:41.604Z] ----------------------------------------------------------------------
[debug] 
[debug] [2023-10-13T01:44:41.609Z] > command requires scopes: ["email","openid","https://www.googleapis.com/auth/cloudplatformprojects.readonly","https://www.googleapis.com/auth/firebase","https://www.googleapis.com/auth/cloud-platform"]
[debug] [2023-10-13T01:44:41.610Z] > authorizing via signed-in user (newcodemike@gmail.com)
[info] 
     ######## #### ########  ######## ########     ###     ######  ########
     ##        ##  ##     ## ##       ##     ##  ##   ##  ##       ##
     ######    ##  ########  ######   ########  #########  ######  ######
     ##        ##  ##    ##  ##       ##     ## ##     ##       ## ##
     ##       #### ##     ## ######## ########  ##     ##  ######  ########

You're about to initialize a Firebase project in this directory:

  C:\Users\Mike\Desktop\NucampFolder\WebDev\1-Web-Dev-Fundamentals\nucampsite

[info] 
=== Project Setup
[info] 
[info] First, let's associate this project directory with a Firebase project.
[info] You can create multiple project aliases by running firebase use --add, 
[info] but for now we'll just set up a default project.
[info] 
[info] i  If you want to create a project in a Google Cloud organization or folder, please use "firebase projects:create" instead, and return to this command when you've created the project. 
[debug] [2023-10-13T01:46:14.923Z] >>> [apiv2][query] POST https://cloudresourcemanager.googleapis.com/v1/projects [none]
[debug] [2023-10-13T01:46:14.923Z] >>> [apiv2][body] POST https://cloudresourcemanager.googleapis.com/v1/projects {"projectId":"NuCampFirbase-01","name":"nucampsite"}
[debug] [2023-10-13T01:46:15.200Z] <<< [apiv2][status] POST https://cloudresourcemanager.googleapis.com/v1/projects 400
[debug] [2023-10-13T01:46:15.200Z] <<< [apiv2][body] POST https://cloudresourcemanager.googleapis.com/v1/projects {"error":{"code":400,"message":"field [project_id] has issue [project_id contains invalid characters]","status":"INVALID_ARGUMENT","details":[{"@type":"type.googleapis.com/google.rpc.BadRequest","fieldViolations":[{"field":"project_id","description":"project_id contains invalid characters"}]},{"@type":"type.googleapis.com/google.rpc.Help","links":[{"url":"https://cloud.google.com/resource-manager/reference/rest/v1/projects"}]}]}}
[debug] [2023-10-13T01:46:15.270Z] FirebaseError: HTTP Error: 400, field [project_id] has issue [project_id contains invalid characters]
    at responseToError (C:\Users\Mike\AppData\Roaming\npm\node_modules\firebase-tools\lib\responseToError.js:49:12)
    at RetryOperation._fn (C:\Users\Mike\AppData\Roaming\npm\node_modules\firebase-tools\lib\apiv2.js:285:77)
    at processTicksAndRejections (node:internal/process/task_queues:96:5)
[error] 
[error] Error: Failed to create project. See firebase-debug.log for more info.
[debug] [2023-10-13T01:46:55.215Z] ----------------------------------------------------------------------
[debug] [2023-10-13T01:46:55.217Z] Command:       C:\Program Files\nodejs\node.exe C:\Users\Mike\AppData\Roaming\npm\node_modules\firebase-tools\lib\bin\firebase.js init
[debug] [2023-10-13T01:46:55.217Z] CLI Version:   12.7.0
[debug] [2023-10-13T01:46:55.217Z] Platform:      win32
[debug] [2023-10-13T01:46:55.217Z] Node Version:  v16.13.2
[debug] [2023-10-13T01:46:55.218Z] Time:          Thu Oct 12 2023 21:46:55 GMT-0400 (Eastern Daylight Time)
[debug] [2023-10-13T01:46:55.218Z] ----------------------------------------------------------------------
[debug] 
[debug] [2023-10-13T01:46:55.223Z] > command requires scopes: ["email","openid","https://www.googleapis.com/auth/cloudplatformprojects.readonly","https://www.googleapis.com/auth/firebase","https://www.googleapis.com/auth/cloud-platform"]
[debug] [2023-10-13T01:46:55.224Z] > authorizing via signed-in user (newcodemike@gmail.com)
[info] 
     ######## #### ########  ######## ########     ###     ######  ########
     ##        ##  ##     ## ##       ##     ##  ##   ##  ##       ##
     ######    ##  ########  ######   ########  #########  ######  ######
     ##        ##  ##    ##  ##       ##     ## ##     ##       ## ##
     ##       #### ##     ## ######## ########  ##     ##  ######  ########

You're about to initialize a Firebase project in this directory:

  C:\Users\Mike\Desktop\NucampFolder\WebDev\1-Web-Dev-Fundamentals\nucampsite

[info] 
=== Project Setup
[info] 
[info] First, let's associate this project directory with a Firebase project.
[info] You can create multiple project aliases by running firebase use --add, 
[info] but for now we'll just set up a default project.
[info] 
[info] i  If you want to create a project in a Google Cloud organization or folder, please use "firebase projects:create" instead, and return to this command when you've created the project. 
[debug] [2023-10-13T01:47:48.723Z] >>> [apiv2][query] POST https://cloudresourcemanager.googleapis.com/v1/projects [none]
[debug] [2023-10-13T01:47:48.724Z] >>> [apiv2][body] POST https://cloudresourcemanager.googleapis.com/v1/projects {"projectId":"NuC10122023campsite-01","name":"nucampsite"}
[debug] [2023-10-13T01:47:48.886Z] <<< [apiv2][status] POST https://cloudresourcemanager.googleapis.com/v1/projects 400
[debug] [2023-10-13T01:47:48.887Z] <<< [apiv2][body] POST https://cloudresourcemanager.googleapis.com/v1/projects {"error":{"code":400,"message":"field [project_id] has issue [project_id contains invalid characters]","status":"INVALID_ARGUMENT","details":[{"@type":"type.googleapis.com/google.rpc.BadRequest","fieldViolations":[{"field":"project_id","description":"project_id contains invalid characters"}]},{"@type":"type.googleapis.com/google.rpc.Help","links":[{"url":"https://cloud.google.com/resource-manager/reference/rest/v1/projects"}]}]}}
[debug] [2023-10-13T01:47:48.973Z] FirebaseError: HTTP Error: 400, field [project_id] has issue [project_id contains invalid characters]
    at responseToError (C:\Users\Mike\AppData\Roaming\npm\node_modules\firebase-tools\lib\responseToError.js:49:12)
    at RetryOperation._fn (C:\Users\Mike\AppData\Roaming\npm\node_modules\firebase-tools\lib\apiv2.js:285:77)
    at processTicksAndRejections (node:internal/process/task_queues:96:5)
[error] 
[error] Error: Failed to create project. See firebase-debug.log for more info.
[debug] [2023-10-13T01:49:46.654Z] ----------------------------------------------------------------------
[debug] [2023-10-13T01:49:46.656Z] Command:       C:\Program Files\nodejs\node.exe C:\Users\Mike\AppData\Roaming\npm\node_modules\firebase-tools\lib\bin\firebase.js init
[debug] [2023-10-13T01:49:46.656Z] CLI Version:   12.7.0
[debug] [2023-10-13T01:49:46.656Z] Platform:      win32
[debug] [2023-10-13T01:49:46.657Z] Node Version:  v16.13.2
[debug] [2023-10-13T01:49:46.657Z] Time:          Thu Oct 12 2023 21:49:46 GMT-0400 (Eastern Daylight Time)
[debug] [2023-10-13T01:49:46.658Z] ----------------------------------------------------------------------
[debug] 
[debug] [2023-10-13T01:49:46.664Z] > command requires scopes: ["email","openid","https://www.googleapis.com/auth/cloudplatformprojects.readonly","https://www.googleapis.com/auth/firebase","https://www.googleapis.com/auth/cloud-platform"]
[debug] [2023-10-13T01:49:46.664Z] > authorizing via signed-in user (newcodemike@gmail.com)
[info] 
     ######## #### ########  ######## ########     ###     ######  ########
     ##        ##  ##     ## ##       ##     ##  ##   ##  ##       ##
     ######    ##  ########  ######   ########  #########  ######  ######
     ##        ##  ##    ##  ##       ##     ## ##     ##       ## ##
     ##       #### ##     ## ######## ########  ##     ##  ######  ########

You're about to initialize a Firebase project in this directory:

  C:\Users\Mike\Desktop\NucampFolder\WebDev\1-Web-Dev-Fundamentals\nucampsite

[info] 
=== Project Setup
[info] 
[info] First, let's associate this project directory with a Firebase project.
[info] You can create multiple project aliases by running firebase use --add, 
[info] but for now we'll just set up a default project.
[info] 
[debug] [2023-10-13T01:50:32.529Z] >>> [apiv2][query] GET https://firebase.googleapis.com/v1beta1/projects pageSize=100
[debug] [2023-10-13T01:50:33.157Z] <<< [apiv2][status] GET https://firebase.googleapis.com/v1beta1/projects 200
[debug] [2023-10-13T01:50:33.157Z] <<< [apiv2][body] GET https://firebase.googleapis.com/v1beta1/projects [omitted]
[info] i  Using project nu10122023campsite-01 (Nu10122023campsite-01) 
[info] 
=== Hosting Setup
[info] 
[info] Your public directory is the folder (relative to your project directory) that
[info] will contain Hosting assets to be uploaded with firebase deploy. If you
[info] have a build process for your assets, use your build's output directory.
[info] 
[debug] [2023-10-13T01:51:00.280Z] >>> [apiv2][query] GET https://www.gstatic.com/firebasejs/releases.json [none]
[debug] [2023-10-13T01:51:00.337Z] <<< [apiv2][status] GET https://www.gstatic.com/firebasejs/releases.json 200
